2023-05-20 15:38:34,049 p=2846 u=ec2-user n=ansible | 3.236.158.140 | UNREACHABLE! => {
    "changed": false,
    "msg": "Failed to connect to the host via ssh: Warning: Permanently added '3.236.158.140' (ECDSA) to the list of known hosts.\r\nPermission denied (publickey,gssapi-keyex,gssapi-with-mic).",
    "unreachable": true
}
2023-05-20 15:38:43,872 p=2846 u=ec2-user n=ansible | 52.91.53.87 | UNREACHABLE! => {
    "changed": false,
    "msg": "Failed to connect to the host via ssh: ssh: connect to host 52.91.53.87 port 22: Connection timed out",
    "unreachable": true
}
2023-05-20 15:40:32,401 p=2871 u=ec2-user n=ansible | 44.201.255.125 | SUCCESS => {
    "ansible_facts": {
        "discovered_interpreter_python": "/usr/bin/python"
    },
    "changed": false,
    "ping": "pong"
}
2023-05-20 15:40:32,458 p=2871 u=ec2-user n=ansible | 44.193.6.64 | SUCCESS => {
    "ansible_facts": {
        "discovered_interpreter_python": "/usr/bin/python"
    },
    "changed": false,
    "ping": "pong"
}
2023-05-20 15:43:15,180 p=2960 u=ec2-user n=ansible | 44.201.255.125 | CHANGED | rc=0 >>
Sat May 20 15:43:15 UTC 2023

2023-05-20 15:43:15,329 p=2960 u=ec2-user n=ansible | 44.193.6.64 | CHANGED | rc=0 >>
Sat May 20 15:43:15 UTC 2023

2023-05-20 16:01:14,381 p=438 u=ec2-user n=ansible | 44.201.255.125 | SUCCESS => {
    "ansible_facts": {
        "discovered_interpreter_python": "/usr/bin/python"
    },
    "changed": false,
    "ping": "pong"
}
2023-05-20 16:01:14,454 p=438 u=ec2-user n=ansible | 44.193.6.64 | SUCCESS => {
    "ansible_facts": {
        "discovered_interpreter_python": "/usr/bin/python"
    },
    "changed": false,
    "ping": "pong"
}
2023-05-20 16:06:12,449 p=580 u=ec2-user n=ansible | 44.201.255.125 | CHANGED | rc=0 >>
Sat May 20 16:06:12 UTC 2023

2023-05-20 16:06:12,464 p=580 u=ec2-user n=ansible | 44.193.6.64 | CHANGED | rc=0 >>
Sat May 20 16:06:12 UTC 2023

2023-05-20 16:57:55,124 p=1606 u=ec2-user n=ansible | ERROR! We were unable to read either as JSON nor YAML, these are the errors we got from each:
JSON: Expecting value: line 1 column 1 (char 0)

Syntax Error while loading YAML.
  did not find expected key

The error appears to be in '/home/ec2-user/play.yml': line 20, column 9, but may
be elsewhere in the file depending on the exact syntax problem.

The offending line appears to be:

         mode: '0600'
        register: output
        ^ here

2023-05-20 17:03:12,210 p=1829 u=ec2-user n=ansible | ERROR! We were unable to read either as JSON nor YAML, these are the errors we got from each:
JSON: Expecting value: line 1 column 1 (char 0)

Syntax Error while loading YAML.
  did not find expected '-' indicator

The error appears to be in '/home/ec2-user/play.yml': line 21, column 7, but may
be elsewhere in the file depending on the exact syntax problem.

The offending line appears to be:

       register: output
      -name: read the ouput
      ^ here

2023-05-20 17:04:39,057 p=1878 u=ec2-user n=ansible | ERROR! We were unable to read either as JSON nor YAML, these are the errors we got from each:
JSON: Expecting value: line 1 column 1 (char 0)

Syntax Error while loading YAML.
  did not find expected '-' indicator

The error appears to be in '/home/ec2-user/play.yml': line 21, column 7, but may
be elsewhere in the file depending on the exact syntax problem.

The offending line appears to be:

       register: output
      -name: read the output
      ^ here

2023-05-20 17:07:12,978 p=1929 u=ec2-user n=ansible | ERROR! We were unable to read either as JSON nor YAML, these are the errors we got from each:
JSON: Expecting value: line 1 column 1 (char 0)

Syntax Error while loading YAML.
  did not find expected '-' indicator

The error appears to be in '/home/ec2-user/play.yml': line 21, column 7, but may
be elsewhere in the file depending on the exact syntax problem.

The offending line appears to be:

       register: output
      -name: read the output
      ^ here

2023-05-20 17:10:11,941 p=1983 u=ec2-user n=ansible | ERROR! We were unable to read either as JSON nor YAML, these are the errors we got from each:
JSON: Expecting value: line 1 column 1 (char 0)

Syntax Error while loading YAML.
  did not find expected key

The error appears to be in '/home/ec2-user/play.yml': line 23, column 79, but may
be elsewhere in the file depending on the exact syntax problem.

The offending line appears to be:

       debug:
        msg: "hello from from ansible this is running on {{ ansible family }}""
                                                                              ^ here
We could be wrong, but this one looks like it might be an issue with
missing quotes. Always quote template expression brackets when they
start a value. For instance:

    with_items:
      - {{ foo }}

Should be written as:

    with_items:
      - "{{ foo }}"

2023-05-20 17:10:44,246 p=2040 u=ec2-user n=ansible | PLAY [devserver] **********************************************************************************************
2023-05-20 17:10:44,261 p=2040 u=ec2-user n=ansible | TASK [Gathering Facts] ****************************************************************************************
2023-05-20 17:10:46,918 p=2040 u=ec2-user n=ansible | ok: [44.201.255.125]
2023-05-20 17:10:46,941 p=2040 u=ec2-user n=ansible | TASK [Creating user] ******************************************************************************************
2023-05-20 17:10:47,564 p=2040 u=ec2-user n=ansible | changed: [44.201.255.125]
2023-05-20 17:10:47,576 p=2040 u=ec2-user n=ansible | TASK [create file] ********************************************************************************************
2023-05-20 17:10:47,975 p=2040 u=ec2-user n=ansible | changed: [44.201.255.125]
2023-05-20 17:10:47,988 p=2040 u=ec2-user n=ansible | TASK [read the output] ****************************************************************************************
2023-05-20 17:10:48,000 p=2040 u=ec2-user n=ansible | fatal: [44.201.255.125]: FAILED! => {"msg": "template error while templating string: expected token 'end of print statement', got 'family'. String: hello from from ansible this is running on {{ ansible family }}"}
2023-05-20 17:10:48,000 p=2040 u=ec2-user n=ansible | ...ignoring
2023-05-20 17:10:48,012 p=2040 u=ec2-user n=ansible | TASK [Create directory] ***************************************************************************************
2023-05-20 17:10:48,291 p=2040 u=ec2-user n=ansible | changed: [44.201.255.125]
2023-05-20 17:10:48,304 p=2040 u=ec2-user n=ansible | TASK [install apache] *****************************************************************************************
2023-05-20 17:10:52,495 p=2040 u=ec2-user n=ansible | changed: [44.201.255.125]
2023-05-20 17:10:52,510 p=2040 u=ec2-user n=ansible | TASK [install finger] *****************************************************************************************
2023-05-20 17:10:53,980 p=2040 u=ec2-user n=ansible | ok: [44.201.255.125] => (item=wget)
2023-05-20 17:11:05,484 p=2040 u=ec2-user n=ansible | changed: [44.201.255.125] => (item=samba)
2023-05-20 17:11:12,356 p=2040 u=ec2-user n=ansible | changed: [44.201.255.125] => (item=finger)
2023-05-20 17:11:12,428 p=2040 u=ec2-user n=ansible | PLAY RECAP ****************************************************************************************************
2023-05-20 17:11:12,428 p=2040 u=ec2-user n=ansible | 44.201.255.125             : ok=7    changed=5    unreachable=0    failed=0    skipped=0    rescued=0    ignored=1   
2023-05-20 17:13:15,621 p=2272 u=ec2-user n=ansible | PLAY [devserver] **********************************************************************************************
2023-05-20 17:13:15,635 p=2272 u=ec2-user n=ansible | TASK [Gathering Facts] ****************************************************************************************
2023-05-20 17:13:17,878 p=2272 u=ec2-user n=ansible | ok: [44.201.255.125]
2023-05-20 17:13:17,904 p=2272 u=ec2-user n=ansible | TASK [Creating user] ******************************************************************************************
2023-05-20 17:13:18,475 p=2272 u=ec2-user n=ansible | ok: [44.201.255.125]
2023-05-20 17:13:18,504 p=2272 u=ec2-user n=ansible | TASK [create file] ********************************************************************************************
2023-05-20 17:13:18,917 p=2272 u=ec2-user n=ansible | changed: [44.201.255.125]
2023-05-20 17:13:18,930 p=2272 u=ec2-user n=ansible | TASK [read the output] ****************************************************************************************
2023-05-20 17:13:18,956 p=2272 u=ec2-user n=ansible | ok: [44.201.255.125] => {
    "msg": "hello from from ansible this is running on RedHat"
}
2023-05-20 17:13:18,967 p=2272 u=ec2-user n=ansible | TASK [Create directory] ***************************************************************************************
2023-05-20 17:13:19,240 p=2272 u=ec2-user n=ansible | ok: [44.201.255.125]
2023-05-20 17:13:19,252 p=2272 u=ec2-user n=ansible | TASK [install apache] *****************************************************************************************
2023-05-20 17:13:20,275 p=2272 u=ec2-user n=ansible | ok: [44.201.255.125]
2023-05-20 17:13:20,287 p=2272 u=ec2-user n=ansible | TASK [install finger] *****************************************************************************************
2023-05-20 17:13:21,151 p=2272 u=ec2-user n=ansible | ok: [44.201.255.125] => (item=wget)
2023-05-20 17:13:21,996 p=2272 u=ec2-user n=ansible | ok: [44.201.255.125] => (item=samba)
2023-05-20 17:13:22,841 p=2272 u=ec2-user n=ansible | ok: [44.201.255.125] => (item=finger)
2023-05-20 17:13:22,880 p=2272 u=ec2-user n=ansible | PLAY RECAP ****************************************************************************************************
2023-05-20 17:13:22,880 p=2272 u=ec2-user n=ansible | 44.201.255.125             : ok=7    changed=1    unreachable=0    failed=0    skipped=0    rescued=0    ignored=0   
2023-05-20 17:14:03,668 p=2477 u=ec2-user n=ansible | PLAY [devserver] **********************************************************************************************
2023-05-20 17:14:03,683 p=2477 u=ec2-user n=ansible | TASK [Gathering Facts] ****************************************************************************************
2023-05-20 17:14:05,636 p=2477 u=ec2-user n=ansible | ok: [44.201.255.125]
2023-05-20 17:14:05,670 p=2477 u=ec2-user n=ansible | PLAY RECAP ****************************************************************************************************
2023-05-20 17:14:05,671 p=2477 u=ec2-user n=ansible | 44.201.255.125             : ok=1    changed=0    unreachable=0    failed=0    skipped=0    rescued=0    ignored=0   
2023-05-20 17:15:54,837 p=2692 u=ec2-user n=ansible | Encryption successful
2023-05-20 17:16:05,659 p=2761 u=ec2-user n=ansible | ERROR! input is already encrypted
2023-05-20 17:16:45,736 p=2892 u=ec2-user n=ansible | [WARNING]:  * Failed to parse /home/ec2-user/inv.yml with auto plugin: Attempting to decrypt but no vault
secrets found

2023-05-20 17:16:45,737 p=2892 u=ec2-user n=ansible | [WARNING]:  * Failed to parse /home/ec2-user/inv.yml with yaml plugin: Attempting to decrypt but no vault
secrets found

2023-05-20 17:16:45,737 p=2892 u=ec2-user n=ansible | [WARNING]:  * Failed to parse /home/ec2-user/inv.yml with ini plugin: Attempting to decrypt but no vault
secrets found

2023-05-20 17:16:45,737 p=2892 u=ec2-user n=ansible | [WARNING]: Unable to parse /home/ec2-user/inv.yml as an inventory source

2023-05-20 17:16:45,738 p=2892 u=ec2-user n=ansible | [WARNING]: No inventory was parsed, only implicit localhost is available

2023-05-20 17:16:45,858 p=2892 u=ec2-user n=ansible | [WARNING]: Could not match supplied host pattern, ignoring: devserver

2023-05-20 17:16:45,860 p=2892 u=ec2-user n=ansible | PLAY [devserver] **********************************************************************************************
2023-05-20 17:16:45,860 p=2892 u=ec2-user n=ansible | skipping: no hosts matched
2023-05-20 17:16:45,860 p=2892 u=ec2-user n=ansible | PLAY RECAP ****************************************************************************************************
2023-05-20 17:18:16,578 p=2984 u=ec2-user n=ansible | PLAY [devserver] **********************************************************************************************
2023-05-20 17:18:16,594 p=2984 u=ec2-user n=ansible | TASK [Gathering Facts] ****************************************************************************************
2023-05-20 17:18:18,607 p=2984 u=ec2-user n=ansible | ok: [44.201.255.125]
2023-05-20 17:18:18,642 p=2984 u=ec2-user n=ansible | PLAY RECAP ****************************************************************************************************
2023-05-20 17:18:18,643 p=2984 u=ec2-user n=ansible | 44.201.255.125             : ok=1    changed=0    unreachable=0    failed=0    skipped=0    rescued=0    ignored=0   
2023-05-20 17:20:00,574 p=3127 u=ec2-user n=ansible | Decryption successful
2023-05-20 17:20:33,574 p=3185 u=ec2-user n=ansible | Encryption successful
2023-05-20 17:23:55,873 p=3430 u=ec2-user n=ansible | Decryption successful
2023-05-20 17:24:26,368 p=3494 u=ec2-user n=ansible | PLAY [devserver] **********************************************************************************************
2023-05-20 17:24:26,385 p=3494 u=ec2-user n=ansible | TASK [Gathering Facts] ****************************************************************************************
2023-05-20 17:24:28,412 p=3494 u=ec2-user n=ansible | ok: [44.201.255.125]
2023-05-20 17:24:28,444 p=3494 u=ec2-user n=ansible | PLAY RECAP ****************************************************************************************************
2023-05-20 17:24:28,445 p=3494 u=ec2-user n=ansible | 44.201.255.125             : ok=1    changed=0    unreachable=0    failed=0    skipped=0    rescued=0    ignored=0   
2023-05-20 17:28:33,363 p=3628 u=ec2-user n=ansible | PLAY [devserver] **********************************************************************************************
2023-05-20 17:28:33,377 p=3628 u=ec2-user n=ansible | TASK [Gathering Facts] ****************************************************************************************
2023-05-20 17:28:35,391 p=3628 u=ec2-user n=ansible | ok: [44.201.255.125]
2023-05-20 17:28:35,424 p=3628 u=ec2-user n=ansible | PLAY RECAP ****************************************************************************************************
2023-05-20 17:28:35,425 p=3628 u=ec2-user n=ansible | 44.201.255.125             : ok=1    changed=0    unreachable=0    failed=0    skipped=0    rescued=0    ignored=0   
2023-05-20 17:31:33,567 p=3797 u=ec2-user n=ansible | ERROR! We were unable to read either as JSON nor YAML, these are the errors we got from each:
JSON: Expecting value: line 1 column 1 (char 0)

Syntax Error while loading YAML.
  could not find expected ':'

The error appears to be in '/home/ec2-user/play.yml': line 47, column 10, but may
be elsewhere in the file depending on the exact syntax problem.

The offending line appears to be:

         -java-8*
         - finger
         ^ here

2023-05-20 17:32:09,548 p=3858 u=ec2-user n=ansible | playbook: play.yml
2023-05-20 17:32:29,325 p=3902 u=ec2-user n=ansible | PLAY [devserver] **********************************************************************************************
2023-05-20 17:32:29,339 p=3902 u=ec2-user n=ansible | TASK [Gathering Facts] ****************************************************************************************
2023-05-20 17:32:31,365 p=3902 u=ec2-user n=ansible | ok: [44.201.255.125]
2023-05-20 17:32:31,387 p=3902 u=ec2-user n=ansible | TASK [Creating user] ******************************************************************************************
2023-05-20 17:32:31,936 p=3902 u=ec2-user n=ansible | ok: [44.201.255.125]
2023-05-20 17:32:31,948 p=3902 u=ec2-user n=ansible | TASK [create file] ********************************************************************************************
2023-05-20 17:32:32,420 p=3902 u=ec2-user n=ansible | ok: [44.201.255.125]
2023-05-20 17:32:32,446 p=3902 u=ec2-user n=ansible | TASK [read the output] ****************************************************************************************
2023-05-20 17:32:32,488 p=3902 u=ec2-user n=ansible | ok: [44.201.255.125] => {
    "msg": "hello from from ansible this is running on RedHat"
}
2023-05-20 17:32:32,501 p=3902 u=ec2-user n=ansible | TASK [Create directory] ***************************************************************************************
2023-05-20 17:32:32,793 p=3902 u=ec2-user n=ansible | ok: [44.201.255.125]
2023-05-20 17:32:32,806 p=3902 u=ec2-user n=ansible | TASK [create a file] ******************************************************************************************
2023-05-20 17:32:33,216 p=3902 u=ec2-user n=ansible | skipping: [44.201.255.125]
2023-05-20 17:32:33,230 p=3902 u=ec2-user n=ansible | TASK [install apache] *****************************************************************************************
2023-05-20 17:32:34,348 p=3902 u=ec2-user n=ansible | ok: [44.201.255.125]
2023-05-20 17:32:34,361 p=3902 u=ec2-user n=ansible | TASK [install finger] *****************************************************************************************
2023-05-20 17:32:35,255 p=3902 u=ec2-user n=ansible | ok: [44.201.255.125] => (item=wget)
2023-05-20 17:32:36,127 p=3902 u=ec2-user n=ansible | ok: [44.201.255.125] => (item=samba)
2023-05-20 17:32:44,866 p=3902 u=ec2-user n=ansible | failed: [44.201.255.125] (item=java-8*) => {"ansible_loop_var": "item", "changed": false, "item": "java-8*", "msg": "No package matching 'java-8*' found available, installed or updated", "rc": 126, "results": ["No package matching 'java-8*' found available, installed or updated"]}
2023-05-20 17:32:45,759 p=3902 u=ec2-user n=ansible | ok: [44.201.255.125] => (item=finger)
2023-05-20 17:32:45,761 p=3902 u=ec2-user n=ansible | ...ignoring
2023-05-20 17:32:45,793 p=3902 u=ec2-user n=ansible | PLAY RECAP ****************************************************************************************************
2023-05-20 17:32:45,793 p=3902 u=ec2-user n=ansible | 44.201.255.125             : ok=7    changed=0    unreachable=0    failed=0    skipped=1    rescued=0    ignored=1   
2023-05-21 19:15:57,785 p=2326 u=ec2-user n=ansible | 44.201.255.125 | UNREACHABLE! => {
    "changed": false,
    "msg": "Failed to connect to the host via ssh: ssh: connect to host 44.201.255.125 port 22: Connection timed out",
    "unreachable": true
}
2023-05-21 19:15:57,791 p=2326 u=ec2-user n=ansible | 44.193.6.64 | UNREACHABLE! => {
    "changed": false,
    "msg": "Failed to connect to the host via ssh: ssh: connect to host 44.193.6.64 port 22: Connection timed out",
    "unreachable": true
}
2023-05-21 19:17:13,709 p=2346 u=ec2-user n=ansible | 3.83.161.65 | SUCCESS => {
    "ansible_facts": {
        "discovered_interpreter_python": "/usr/bin/python"
    },
    "changed": false,
    "ping": "pong"
}
2023-05-21 19:17:13,888 p=2346 u=ec2-user n=ansible | 35.172.233.246 | SUCCESS => {
    "ansible_facts": {
        "discovered_interpreter_python": "/usr/bin/python"
    },
    "changed": false,
    "ping": "pong"
}
2023-05-21 19:52:00,196 p=2333 u=ec2-user n=ansible | 35.170.196.218 | SUCCESS => {
    "ansible_facts": {
        "discovered_interpreter_python": "/usr/bin/python"
    },
    "changed": false,
    "ping": "pong"
}
2023-05-21 19:52:00,215 p=2333 u=ec2-user n=ansible | 54.159.196.177 | SUCCESS => {
    "ansible_facts": {
        "discovered_interpreter_python": "/usr/bin/python"
    },
    "changed": false,
    "ping": "pong"
}
2023-05-21 19:53:08,413 p=3180 u=ec2-user n=ansible | 54.159.196.177 | SUCCESS => {
    "ansible_facts": {
        "discovered_interpreter_python": "/usr/bin/python"
    },
    "changed": false,
    "ping": "pong"
}
2023-05-21 19:53:08,489 p=3180 u=ec2-user n=ansible | 35.170.196.218 | SUCCESS => {
    "ansible_facts": {
        "discovered_interpreter_python": "/usr/bin/python"
    },
    "changed": false,
    "ping": "pong"
}
2023-05-21 20:08:41,699 p=3516 u=ec2-user n=ansible | 54.159.196.177 | SUCCESS => {
    "ansible_facts": {
        "discovered_interpreter_python": "/usr/bin/python"
    },
    "changed": false,
    "ping": "pong"
}
2023-05-21 20:08:41,715 p=3516 u=ec2-user n=ansible | 35.170.196.218 | SUCCESS => {
    "ansible_facts": {
        "discovered_interpreter_python": "/usr/bin/python"
    },
    "changed": false,
    "ping": "pong"
}
2023-05-21 20:43:37,099 p=5096 u=ec2-user n=ansible | ERROR! The defaults/main.yml file for role 'apache' must contain a dictionary of variables
2023-05-21 20:44:23,261 p=5185 u=ec2-user n=ansible | ERROR! The defaults/main.yml file for role 'apache' must contain a dictionary of variables
2023-05-21 20:51:48,881 p=5276 u=ec2-user n=ansible | ERROR! The defaults/main.yml file for role 'apache' must contain a dictionary of variables
2023-05-21 20:55:10,793 p=5358 u=ec2-user n=ansible | Starting galaxy role install process
2023-05-21 20:55:10,793 p=5358 u=ec2-user n=ansible | - downloading role 'java', owned by geerlingguy
2023-05-21 20:55:10,989 p=5358 u=ec2-user n=ansible | - downloading role from https://github.com/geerlingguy/ansible-role-java/archive/2.3.0.tar.gz
2023-05-21 20:55:11,096 p=5358 u=ec2-user n=ansible | - extracting geerlingguy.java to /home/ec2-user/roles/geerlingguy.java
2023-05-21 20:55:11,103 p=5358 u=ec2-user n=ansible | - geerlingguy.java (2.3.0) was installed successfully
2023-05-21 21:19:15,928 p=5816 u=ec2-user n=ansible | ERROR! The defaults/main.yml file for role 'apache' must contain a dictionary of variables
2023-05-21 21:28:11,194 p=5896 u=ec2-user n=ansible | ERROR! The defaults/main.yml file for role 'apache' must contain a dictionary of variables
2023-05-21 21:34:59,323 p=6053 u=ec2-user n=ansible | 35.170.196.218 | SUCCESS => {
    "ansible_facts": {
        "ansible_all_ipv4_addresses": [
            "172.31.6.8"
        ],
        "ansible_all_ipv6_addresses": [
            "fe80::ba:aff:fe7a:c395"
        ],
        "ansible_apparmor": {
            "status": "disabled"
        },
        "ansible_architecture": "x86_64",
        "ansible_bios_date": "10/16/2017",
        "ansible_bios_vendor": "Amazon EC2",
        "ansible_bios_version": "1.0",
        "ansible_board_asset_tag": "i-01ea148b7ffb46909",
        "ansible_board_name": "NA",
        "ansible_board_serial": "NA",
        "ansible_board_vendor": "Amazon EC2",
        "ansible_board_version": "NA",
        "ansible_chassis_asset_tag": "Amazon EC2",
        "ansible_chassis_serial": "NA",
        "ansible_chassis_vendor": "Amazon EC2",
        "ansible_chassis_version": "NA",
        "ansible_cmdline": {
            "BOOT_IMAGE": "/boot/vmlinuz-4.14.313-235.533.amzn2.x86_64",
            "biosdevname": "0",
            "console": "ttyS0,115200n8",
            "net.ifnames": "0",
            "nvme_core.io_timeout": "4294967295",
            "rd.emergency": "poweroff",
            "rd.shell": "0",
            "ro": true,
            "root": "UUID=30d6f3ce-a17d-4caf-ac89-e9f959c387e8"
        },
        "ansible_date_time": {
            "date": "2023-05-21",
            "day": "21",
            "epoch": "1684704899",
            "hour": "21",
            "iso8601": "2023-05-21T21:34:59Z",
            "iso8601_basic": "20230521T213459172372",
            "iso8601_basic_short": "20230521T213459",
            "iso8601_micro": "2023-05-21T21:34:59.172372Z",
            "minute": "34",
            "month": "05",
            "second": "59",
            "time": "21:34:59",
            "tz": "UTC",
            "tz_dst": "UTC",
            "tz_offset": "+0000",
            "weekday": "Sunday",
            "weekday_number": "0",
            "weeknumber": "20",
            "year": "2023"
        },
        "ansible_default_ipv4": {
            "address": "172.31.6.8",
            "alias": "eth0",
            "broadcast": "172.31.15.255",
            "gateway": "172.31.0.1",
            "interface": "eth0",
            "macaddress": "02:ba:0a:7a:c3:95",
            "mtu": 9001,
            "netmask": "255.255.240.0",
            "network": "172.31.0.0",
            "type": "ether"
        },
        "ansible_default_ipv6": {},
        "ansible_device_links": {
            "ids": {
                "nvme0n1": [
                    "nvme-Amazon_Elastic_Block_Store_vol03806c835adc6785d",
                    "nvme-Amazon_Elastic_Block_Store_vol03806c835adc6785d-ns-1",
                    "nvme-nvme.1d0f-766f6c3033383036633833356164633637383564-416d617a6f6e20456c617374696320426c6f636b2053746f7265-00000001"
                ],
                "nvme0n1p1": [
                    "nvme-Amazon_Elastic_Block_Store_vol03806c835adc6785d-ns-1-part1",
                    "nvme-Amazon_Elastic_Block_Store_vol03806c835adc6785d-part1",
                    "nvme-nvme.1d0f-766f6c3033383036633833356164633637383564-416d617a6f6e20456c617374696320426c6f636b2053746f7265-00000001-part1"
                ],
                "nvme0n1p128": [
                    "nvme-Amazon_Elastic_Block_Store_vol03806c835adc6785d-ns-1-part128",
                    "nvme-Amazon_Elastic_Block_Store_vol03806c835adc6785d-part128",
                    "nvme-nvme.1d0f-766f6c3033383036633833356164633637383564-416d617a6f6e20456c617374696320426c6f636b2053746f7265-00000001-part128"
                ]
            },
            "labels": {
                "nvme0n1p1": [
                    "\\x2f"
                ]
            },
            "masters": {},
            "uuids": {
                "nvme0n1p1": [
                    "30d6f3ce-a17d-4caf-ac89-e9f959c387e8"
                ]
            }
        },
        "ansible_devices": {
            "nvme0n1": {
                "holders": [],
                "host": "Non-Volatile memory controller: Amazon.com, Inc. Device 8061",
                "links": {
                    "ids": [
                        "nvme-Amazon_Elastic_Block_Store_vol03806c835adc6785d",
                        "nvme-Amazon_Elastic_Block_Store_vol03806c835adc6785d-ns-1",
                        "nvme-nvme.1d0f-766f6c3033383036633833356164633637383564-416d617a6f6e20456c617374696320426c6f636b2053746f7265-00000001"
                    ],
                    "labels": [],
                    "masters": [],
                    "uuids": []
                },
                "model": "Amazon Elastic Block Store",
                "partitions": {
                    "nvme0n1p1": {
                        "holders": [],
                        "links": {
                            "ids": [
                                "nvme-Amazon_Elastic_Block_Store_vol03806c835adc6785d-ns-1-part1",
                                "nvme-Amazon_Elastic_Block_Store_vol03806c835adc6785d-part1",
                                "nvme-nvme.1d0f-766f6c3033383036633833356164633637383564-416d617a6f6e20456c617374696320426c6f636b2053746f7265-00000001-part1"
                            ],
                            "labels": [
                                "\\x2f"
                            ],
                            "masters": [],
                            "uuids": [
                                "30d6f3ce-a17d-4caf-ac89-e9f959c387e8"
                            ]
                        },
                        "sectors": "16773087",
                        "sectorsize": 512,
                        "size": "8.00 GB",
                        "start": "4096",
                        "uuid": "30d6f3ce-a17d-4caf-ac89-e9f959c387e8"
                    },
                    "nvme0n1p128": {
                        "holders": [],
                        "links": {
                            "ids": [
                                "nvme-Amazon_Elastic_Block_Store_vol03806c835adc6785d-ns-1-part128",
                                "nvme-Amazon_Elastic_Block_Store_vol03806c835adc6785d-part128",
                                "nvme-nvme.1d0f-766f6c3033383036633833356164633637383564-416d617a6f6e20456c617374696320426c6f636b2053746f7265-00000001-part128"
                            ],
                            "labels": [],
                            "masters": [],
                            "uuids": []
                        },
                        "sectors": "2048",
                        "sectorsize": 512,
                        "size": "1.00 MB",
                        "start": "2048",
                        "uuid": null
                    }
                },
                "removable": "0",
                "rotational": "0",
                "sas_address": null,
                "sas_device_handle": null,
                "scheduler_mode": "none",
                "sectors": "16777216",
                "sectorsize": "512",
                "serial": "vol03806c835adc6785d",
                "size": "8.00 GB",
                "support_discard": "0",
                "vendor": null,
                "virtual": 1
            }
        },
        "ansible_distribution": "Amazon",
        "ansible_distribution_file_parsed": true,
        "ansible_distribution_file_path": "/etc/os-release",
        "ansible_distribution_file_variety": "Amazon",
        "ansible_distribution_major_version": "2",
        "ansible_distribution_minor_version": "NA",
        "ansible_distribution_release": "NA",
        "ansible_distribution_version": "2",
        "ansible_dns": {
            "nameservers": [
                "172.31.0.2"
            ],
            "options": {
                "attempts": "5",
                "timeout": "2"
            },
            "search": [
                "ec2.internal"
            ]
        },
        "ansible_domain": "ec2.internal",
        "ansible_effective_group_id": 1000,
        "ansible_effective_user_id": 1000,
        "ansible_env": {
            "HOME": "/home/ec2-user",
            "LANG": "en_US.UTF-8",
            "LESSOPEN": "||/usr/bin/lesspipe.sh %s",
            "LOGNAME": "ec2-user",
            "LS_COLORS": "rs=0:di=38;5;27:ln=38;5;51:mh=44;38;5;15:pi=40;38;5;11:so=38;5;13:do=38;5;5:bd=48;5;232;38;5;11:cd=48;5;232;38;5;3:or=48;5;232;38;5;9:mi=05;48;5;232;38;5;15:su=48;5;196;38;5;15:sg=48;5;11;38;5;16:ca=48;5;196;38;5;226:tw=48;5;10;38;5;16:ow=48;5;10;38;5;21:st=48;5;21;38;5;15:ex=38;5;34:*.tar=38;5;9:*.tgz=38;5;9:*.arc=38;5;9:*.arj=38;5;9:*.taz=38;5;9:*.lha=38;5;9:*.lz4=38;5;9:*.lzh=38;5;9:*.lzma=38;5;9:*.tlz=38;5;9:*.txz=38;5;9:*.tzo=38;5;9:*.t7z=38;5;9:*.zip=38;5;9:*.z=38;5;9:*.Z=38;5;9:*.dz=38;5;9:*.gz=38;5;9:*.lrz=38;5;9:*.lz=38;5;9:*.lzo=38;5;9:*.xz=38;5;9:*.bz2=38;5;9:*.bz=38;5;9:*.tbz=38;5;9:*.tbz2=38;5;9:*.tz=38;5;9:*.deb=38;5;9:*.rpm=38;5;9:*.jar=38;5;9:*.war=38;5;9:*.ear=38;5;9:*.sar=38;5;9:*.rar=38;5;9:*.alz=38;5;9:*.ace=38;5;9:*.zoo=38;5;9:*.cpio=38;5;9:*.7z=38;5;9:*.rz=38;5;9:*.cab=38;5;9:*.jpg=38;5;13:*.jpeg=38;5;13:*.gif=38;5;13:*.bmp=38;5;13:*.pbm=38;5;13:*.pgm=38;5;13:*.ppm=38;5;13:*.tga=38;5;13:*.xbm=38;5;13:*.xpm=38;5;13:*.tif=38;5;13:*.tiff=38;5;13:*.png=38;5;13:*.svg=38;5;13:*.svgz=38;5;13:*.mng=38;5;13:*.pcx=38;5;13:*.mov=38;5;13:*.mpg=38;5;13:*.mpeg=38;5;13:*.m2v=38;5;13:*.mkv=38;5;13:*.webm=38;5;13:*.ogm=38;5;13:*.mp4=38;5;13:*.m4v=38;5;13:*.mp4v=38;5;13:*.vob=38;5;13:*.qt=38;5;13:*.nuv=38;5;13:*.wmv=38;5;13:*.asf=38;5;13:*.rm=38;5;13:*.rmvb=38;5;13:*.flc=38;5;13:*.avi=38;5;13:*.fli=38;5;13:*.flv=38;5;13:*.gl=38;5;13:*.dl=38;5;13:*.xcf=38;5;13:*.xwd=38;5;13:*.yuv=38;5;13:*.cgm=38;5;13:*.emf=38;5;13:*.axv=38;5;13:*.anx=38;5;13:*.ogv=38;5;13:*.ogx=38;5;13:*.aac=38;5;45:*.au=38;5;45:*.flac=38;5;45:*.mid=38;5;45:*.midi=38;5;45:*.mka=38;5;45:*.mp3=38;5;45:*.mpc=38;5;45:*.ogg=38;5;45:*.ra=38;5;45:*.wav=38;5;45:*.axa=38;5;45:*.oga=38;5;45:*.spx=38;5;45:*.xspf=38;5;45:",
            "MAIL": "/var/mail/ec2-user",
            "PATH": "/usr/local/bin:/usr/bin",
            "PWD": "/home/ec2-user",
            "SHELL": "/bin/bash",
            "SHLVL": "2",
            "SSH_CLIENT": "3.83.14.89 38704 22",
            "SSH_CONNECTION": "3.83.14.89 38704 172.31.6.8 22",
            "SSH_TTY": "/dev/pts/0",
            "TERM": "xterm-256color",
            "USER": "ec2-user",
            "XDG_RUNTIME_DIR": "/run/user/1000",
            "XDG_SESSION_ID": "17",
            "_": "/usr/bin/python"
        },
        "ansible_eth0": {
            "active": true,
            "device": "eth0",
            "features": {
                "esp_hw_offload": "off [fixed]",
                "esp_tx_csum_hw_offload": "off [fixed]",
                "fcoe_mtu": "off [fixed]",
                "generic_receive_offload": "on",
                "generic_segmentation_offload": "on",
                "highdma": "on",
                "hw_tc_offload": "off [fixed]",
                "l2_fwd_offload": "off [fixed]",
                "large_receive_offload": "off [fixed]",
                "loopback": "off [fixed]",
                "netns_local": "off [fixed]",
                "ntuple_filters": "off [fixed]",
                "receive_hashing": "on",
                "rx_all": "off [fixed]",
                "rx_checksumming": "off [fixed]",
                "rx_fcs": "off [fixed]",
                "rx_udp_tunnel_port_offload": "off [fixed]",
                "rx_vlan_filter": "off [fixed]",
                "rx_vlan_offload": "off [fixed]",
                "rx_vlan_stag_filter": "off [fixed]",
                "rx_vlan_stag_hw_parse": "off [fixed]",
                "scatter_gather": "on",
                "tcp_segmentation_offload": "off",
                "tx_checksum_fcoe_crc": "off [fixed]",
                "tx_checksum_ip_generic": "off [fixed]",
                "tx_checksum_ipv4": "on",
                "tx_checksum_ipv6": "off [fixed]",
                "tx_checksum_sctp": "off [fixed]",
                "tx_checksumming": "on",
                "tx_esp_segmentation": "off [fixed]",
                "tx_fcoe_segmentation": "off [fixed]",
                "tx_gre_csum_segmentation": "off [fixed]",
                "tx_gre_segmentation": "off [fixed]",
                "tx_gso_partial": "off [fixed]",
                "tx_gso_robust": "off [fixed]",
                "tx_ipxip4_segmentation": "off [fixed]",
                "tx_ipxip6_segmentation": "off [fixed]",
                "tx_lockless": "off [fixed]",
                "tx_nocache_copy": "off",
                "tx_scatter_gather": "on",
                "tx_scatter_gather_fraglist": "off [fixed]",
                "tx_sctp_segmentation": "off [fixed]",
                "tx_tcp6_segmentation": "off [fixed]",
                "tx_tcp_ecn_segmentation": "off [fixed]",
                "tx_tcp_mangleid_segmentation": "off [fixed]",
                "tx_tcp_segmentation": "off [fixed]",
                "tx_udp_tnl_csum_segmentation": "off [fixed]",
                "tx_udp_tnl_segmentation": "off [fixed]",
                "tx_vlan_offload": "off [fixed]",
                "tx_vlan_stag_hw_insert": "off [fixed]",
                "udp_fragmentation_offload": "off",
                "vlan_challenged": "off [fixed]"
            },
            "hw_timestamp_filters": [],
            "ipv4": {
                "address": "172.31.6.8",
                "broadcast": "172.31.15.255",
                "netmask": "255.255.240.0",
                "network": "172.31.0.0"
            },
            "ipv6": [
                {
                    "address": "fe80::ba:aff:fe7a:c395",
                    "prefix": "64",
                    "scope": "link"
                }
            ],
            "macaddress": "02:ba:0a:7a:c3:95",
            "module": "ena",
            "mtu": 9001,
            "pciid": "0000:00:05.0",
            "promisc": false,
            "timestamping": [
                "tx_software",
                "rx_software",
                "software"
            ],
            "type": "ether"
        },
        "ansible_fibre_channel_wwn": [],
        "ansible_fips": false,
        "ansible_form_factor": "Other",
        "ansible_fqdn": "ip-172-31-6-8.ec2.internal",
        "ansible_hostname": "ip-172-31-6-8",
        "ansible_hostnqn": "",
        "ansible_interfaces": [
            "lo",
            "eth0"
        ],
        "ansible_is_chroot": true,
        "ansible_iscsi_iqn": "",
        "ansible_kernel": "4.14.313-235.533.amzn2.x86_64",
        "ansible_kernel_version": "#1 SMP Tue Apr 25 15:24:19 UTC 2023",
        "ansible_lo": {
            "active": true,
            "device": "lo",
            "features": {
                "esp_hw_offload": "off [fixed]",
                "esp_tx_csum_hw_offload": "off [fixed]",
                "fcoe_mtu": "off [fixed]",
                "generic_receive_offload": "on",
                "generic_segmentation_offload": "on",
                "highdma": "on [fixed]",
                "hw_tc_offload": "off [fixed]",
                "l2_fwd_offload": "off [fixed]",
                "large_receive_offload": "off [fixed]",
                "loopback": "on [fixed]",
                "netns_local": "on [fixed]",
                "ntuple_filters": "off [fixed]",
                "receive_hashing": "off [fixed]",
                "rx_all": "off [fixed]",
                "rx_checksumming": "on [fixed]",
                "rx_fcs": "off [fixed]",
                "rx_udp_tunnel_port_offload": "off [fixed]",
                "rx_vlan_filter": "off [fixed]",
                "rx_vlan_offload": "off [fixed]",
                "rx_vlan_stag_filter": "off [fixed]",
                "rx_vlan_stag_hw_parse": "off [fixed]",
                "scatter_gather": "on",
                "tcp_segmentation_offload": "on",
                "tx_checksum_fcoe_crc": "off [fixed]",
                "tx_checksum_ip_generic": "on [fixed]",
                "tx_checksum_ipv4": "off [fixed]",
                "tx_checksum_ipv6": "off [fixed]",
                "tx_checksum_sctp": "on [fixed]",
                "tx_checksumming": "on",
                "tx_esp_segmentation": "off [fixed]",
                "tx_fcoe_segmentation": "off [fixed]",
                "tx_gre_csum_segmentation": "off [fixed]",
                "tx_gre_segmentation": "off [fixed]",
                "tx_gso_partial": "off [fixed]",
                "tx_gso_robust": "off [fixed]",
                "tx_ipxip4_segmentation": "off [fixed]",
                "tx_ipxip6_segmentation": "off [fixed]",
                "tx_lockless": "on [fixed]",
                "tx_nocache_copy": "off [fixed]",
                "tx_scatter_gather": "on [fixed]",
                "tx_scatter_gather_fraglist": "on [fixed]",
                "tx_sctp_segmentation": "on",
                "tx_tcp6_segmentation": "on",
                "tx_tcp_ecn_segmentation": "on",
                "tx_tcp_mangleid_segmentation": "on",
                "tx_tcp_segmentation": "on",
                "tx_udp_tnl_csum_segmentation": "off [fixed]",
                "tx_udp_tnl_segmentation": "off [fixed]",
                "tx_vlan_offload": "off [fixed]",
                "tx_vlan_stag_hw_insert": "off [fixed]",
                "udp_fragmentation_offload": "off",
                "vlan_challenged": "on [fixed]"
            },
            "hw_timestamp_filters": [],
            "ipv4": {
                "address": "127.0.0.1",
                "broadcast": "",
                "netmask": "255.0.0.0",
                "network": "127.0.0.0"
            },
            "ipv6": [
                {
                    "address": "::1",
                    "prefix": "128",
                    "scope": "host"
                }
            ],
            "mtu": 65536,
            "promisc": false,
            "timestamping": [
                "tx_software",
                "rx_software",
                "software"
            ],
            "type": "loopback"
        },
        "ansible_local": {},
        "ansible_lsb": {},
        "ansible_machine": "x86_64",
        "ansible_machine_id": "ec2c1feb45c4741d2e15dea2716186bc",
        "ansible_memfree_mb": 1634,
        "ansible_memory_mb": {
            "nocache": {
                "free": 1807,
                "used": 135
            },
            "real": {
                "free": 1634,
                "total": 1942,
                "used": 308
            },
            "swap": {
                "cached": 0,
                "free": 0,
                "total": 0,
                "used": 0
            }
        },
        "ansible_memtotal_mb": 1942,
        "ansible_mounts": [
            {
                "block_available": 1695991,
                "block_size": 4096,
                "block_total": 2094075,
                "block_used": 398084,
                "device": "/dev/nvme0n1p1",
                "fstype": "xfs",
                "inode_available": 4144991,
                "inode_total": 4193216,
                "inode_used": 48225,
                "mount": "/",
                "options": "rw,noatime,attr2,inode64,noquota",
                "size_available": 6946779136,
                "size_total": 8577331200,
                "uuid": "30d6f3ce-a17d-4caf-ac89-e9f959c387e8"
            }
        ],
        "ansible_nodename": "ip-172-31-6-8.ec2.internal",
        "ansible_os_family": "RedHat",
        "ansible_pkg_mgr": "yum",
        "ansible_proc_cmdline": {
            "BOOT_IMAGE": "/boot/vmlinuz-4.14.313-235.533.amzn2.x86_64",
            "biosdevname": "0",
            "console": [
                "tty0",
                "ttyS0,115200n8"
            ],
            "net.ifnames": "0",
            "nvme_core.io_timeout": "4294967295",
            "rd.emergency": "poweroff",
            "rd.shell": "0",
            "ro": true,
            "root": "UUID=30d6f3ce-a17d-4caf-ac89-e9f959c387e8"
        },
        "ansible_processor": [
            "0",
            "GenuineIntel",
            "Intel(R) Xeon(R) Platinum 8259CL CPU @ 2.50GHz",
            "1",
            "GenuineIntel",
            "Intel(R) Xeon(R) Platinum 8259CL CPU @ 2.50GHz"
        ],
        "ansible_processor_cores": 1,
        "ansible_processor_count": 1,
        "ansible_processor_nproc": 2,
        "ansible_processor_threads_per_core": 2,
        "ansible_processor_vcpus": 2,
        "ansible_product_name": "t3.small",
        "ansible_product_serial": "NA",
        "ansible_product_uuid": "NA",
        "ansible_product_version": "NA",
        "ansible_python": {
            "executable": "/usr/bin/python",
            "has_sslcontext": true,
            "type": "CPython",
            "version": {
                "major": 2,
                "micro": 18,
                "minor": 7,
                "releaselevel": "final",
                "serial": 0
            },
            "version_info": [
                2,
                7,
                18,
                "final",
                0
            ]
        },
        "ansible_python_version": "2.7.18",
        "ansible_real_group_id": 1000,
        "ansible_real_user_id": 1000,
        "ansible_selinux": {
            "status": "disabled"
        },
        "ansible_selinux_python_present": true,
        "ansible_service_mgr": "systemd",
        "ansible_ssh_host_key_ecdsa_public": "AAAAE2VjZHNhLXNoYTItbmlzdHAyNTYAAAAIbmlzdHAyNTYAAABBBDOGaxfyUnE4lfw6NYRdyTfYsZawHn1CafNo/VUrmYK4UIacNMWuczrSW16Apzeh9/espct1HaP/MIuGoIoHVhY=",
        "ansible_ssh_host_key_ecdsa_public_keytype": "ecdsa-sha2-nistp256",
        "ansible_ssh_host_key_ed25519_public": "AAAAC3NzaC1lZDI1NTE5AAAAIChTe7/yB3aJ3HnrfJppuyltINMdY55ql2t+A96YRSj2",
        "ansible_ssh_host_key_ed25519_public_keytype": "ssh-ed25519",
        "ansible_ssh_host_key_rsa_public": "AAAAB3NzaC1yc2EAAAADAQABAAABAQC0jM7UrE/asCIZzQHzVklvzcmiYMFDcWQ0rbJZjvsynT2jqInpgybI83JbJPL0W6hzY7VHA08qLfdwSayk+JJJfFLSTDWGaGYp+TeUYof0skSgyZJF+ly1JShDMfkxyDRSX4P1Tmf8ndLO5/ebmYBCKcNi4hSX2QGluNL2b3WxqooNDA1qwfxRhHKs5mJNroXam+SYpubDWCK9NO0yOvk2xQemA34d7Jq8WbinZiQa2YJIZkzcgE8/mKyiZCWWX6FuSXP8cdHXgz8rioFF6E1aCltp85vQ5UwM67Y0ZlWOG18mGTEQGEbVfSHRRir6c5X/CvkmyOrXp5SRB1d9clCf",
        "ansible_ssh_host_key_rsa_public_keytype": "ssh-rsa",
        "ansible_swapfree_mb": 0,
        "ansible_swaptotal_mb": 0,
        "ansible_system": "Linux",
        "ansible_system_capabilities": [
            ""
        ],
        "ansible_system_capabilities_enforced": "True",
        "ansible_system_vendor": "Amazon EC2",
        "ansible_uptime_seconds": 6656,
        "ansible_user_dir": "/home/ec2-user",
        "ansible_user_gecos": "EC2 Default User",
        "ansible_user_gid": 1000,
        "ansible_user_id": "ec2-user",
        "ansible_user_shell": "/bin/bash",
        "ansible_user_uid": 1000,
        "ansible_userspace_architecture": "x86_64",
        "ansible_userspace_bits": "64",
        "ansible_virtualization_role": "guest",
        "ansible_virtualization_tech_guest": [
            "kvm"
        ],
        "ansible_virtualization_tech_host": [],
        "ansible_virtualization_type": "kvm",
        "discovered_interpreter_python": "/usr/bin/python",
        "gather_subset": [
            "all"
        ],
        "module_setup": true
    },
    "changed": false
}
